Running: C:\Xilinx\14.6\ISE_DS\ISE\bin\nt64\unwrapped\fuse.exe -intstyle ise -incremental -lib unisims_ver -lib unimacro_ver -lib xilinxcorelib_ver -lib secureip -o C:/Users/152/Desktop/lelv2/a/tb2_isim_beh.exe -prj C:/Users/152/Desktop/lelv2/a/tb2_beh.prj work.tb2 work.glbl 
ISim P.68d (signature 0x7708f090)
Number of CPUs detected in this system: 2
Turning on mult-threading, number of parallel sub-compilation jobs: 4 
Determining compilation order of HDL files
Analyzing Verilog file "C:/Users/152/Desktop/lelv2/a/vga640x480.v" into library work
Analyzing Verilog file "C:/Users/152/Desktop/lelv2/a/segdisplay.v" into library work
Analyzing Verilog file "C:/Users/152/Desktop/lelv2/a/clockdiv.v" into library work
Analyzing Verilog file "C:/Users/152/Desktop/lelv2/a/top.v" into library work
Analyzing Verilog file "C:/Users/152/Desktop/lelv2/a/tb2.v" into library work
Analyzing Verilog file "C:/Xilinx/14.6/ISE_DS/ISE//verilog/src/glbl.v" into library work
Starting static elaboration
Completed static elaboration
Compiling module clockdiv
Compiling module vga640x480
Compiling module segdisplay
Compiling module top
Compiling module tb2
Compiling module glbl
Time Resolution for simulation is 1ps.
Waiting for 3 sub-compilation(s) to finish...
Compiled 6 Verilog Units
Built simulation executable C:/Users/152/Desktop/lelv2/a/tb2_isim_beh.exe
Fuse Memory Usage: 27900 KB
Fuse CPU Usage: 592 ms
